2015-12-14 14:33:28 
Start install: /home/c/cv89920/etk/public_html/tmp/JoomShopping_template_default_div_3.20.1.zip
2015-12-14 14:33:28 Archive error
2020-05-23 10:04:52 
Start install: /home/c/cv89920/etk/public_html/tmp/JoomShopping-update-4.9.2-4.10.0.zip
2020-05-23 10:04:52 Copy file: /administrator/components/com_jshopping/functions.php
2020-05-23 10:04:52 Copy file: /administrator/components/com_jshopping/jshopping.php
2020-05-23 10:04:52 Copy file: /administrator/components/com_jshopping/jshopping.xml
2020-05-23 10:04:52 Copy file: /administrator/components/com_jshopping/controllers/addons.php
2020-05-23 10:04:52 Copy file: /administrator/components/com_jshopping/controllers/attributes.php
2020-05-23 10:04:52 Copy file: /administrator/components/com_jshopping/controllers/attributesgroups.php
2020-05-23 10:04:52 Copy file: /administrator/components/com_jshopping/controllers/attributesvalues.php
2020-05-23 10:04:52 Copy file: /administrator/components/com_jshopping/controllers/categories.php
2020-05-23 10:04:52 Copy file: /administrator/components/com_jshopping/controllers/config.php
2020-05-23 10:04:52 Copy file: /administrator/components/com_jshopping/controllers/configdisplayprice.php
2020-05-23 10:04:52 Copy file: /administrator/components/com_jshopping/controllers/countries.php
2020-05-23 10:04:52 Copy file: /administrator/components/com_jshopping/controllers/coupons.php
2020-05-23 10:04:52 Copy file: /administrator/components/com_jshopping/controllers/currencies.php
2020-05-23 10:04:52 Copy file: /administrator/components/com_jshopping/controllers/deliverytimes.php
2020-05-23 10:04:52 Copy file: /administrator/components/com_jshopping/controllers/exttaxes.php
2020-05-23 10:04:52 Copy file: /administrator/components/com_jshopping/controllers/freeattributes.php
2020-05-23 10:04:52 Copy file: /administrator/components/com_jshopping/controllers/importexport.php
2020-05-23 10:04:52 Copy file: /administrator/components/com_jshopping/controllers/info.php
2020-05-23 10:04:52 Copy file: /administrator/components/com_jshopping/controllers/languages.php
2020-05-23 10:04:52 Copy file: /administrator/components/com_jshopping/controllers/logs.php
2020-05-23 10:04:52 Copy file: /administrator/components/com_jshopping/controllers/manufacturers.php
2020-05-23 10:04:52 Copy file: /administrator/components/com_jshopping/controllers/orders.php
2020-05-23 10:04:52 Copy file: /administrator/components/com_jshopping/controllers/orderstatus.php
2020-05-23 10:04:52 Copy file: /administrator/components/com_jshopping/controllers/other.php
2020-05-23 10:04:52 Copy file: /administrator/components/com_jshopping/controllers/panel.php
2020-05-23 10:04:52 Copy file: /administrator/components/com_jshopping/controllers/payments.php
2020-05-23 10:04:52 Copy file: /administrator/components/com_jshopping/controllers/product_list_selectable.php
2020-05-23 10:04:52 Copy file: /administrator/components/com_jshopping/controllers/productfieldgroups.php
2020-05-23 10:04:52 Copy file: /administrator/components/com_jshopping/controllers/productfields.php
2020-05-23 10:04:52 Copy file: /administrator/components/com_jshopping/controllers/productfieldvalues.php
2020-05-23 10:04:52 Copy file: /administrator/components/com_jshopping/controllers/productlabels.php
2020-05-23 10:04:52 Copy file: /administrator/components/com_jshopping/controllers/products.php
2020-05-23 10:04:52 Copy file: /administrator/components/com_jshopping/controllers/reviews.php
2020-05-23 10:04:52 Copy file: /administrator/components/com_jshopping/controllers/shippingextprice.php
2020-05-23 10:04:52 Copy file: /administrator/components/com_jshopping/controllers/shippings.php
2020-05-23 10:04:52 Copy file: /administrator/components/com_jshopping/controllers/shippingsprices.php
2020-05-23 10:04:52 Copy file: /administrator/components/com_jshopping/controllers/statistic.php
2020-05-23 10:04:52 Copy file: /administrator/components/com_jshopping/controllers/taxes.php
2020-05-23 10:04:52 Copy file: /administrator/components/com_jshopping/controllers/units.php
2020-05-23 10:04:52 Copy file: /administrator/components/com_jshopping/controllers/update.php
2020-05-23 10:04:52 Copy file: /administrator/components/com_jshopping/controllers/usergroups.php
2020-05-23 10:04:52 Copy file: /administrator/components/com_jshopping/controllers/users.php
2020-05-23 10:04:52 Copy file: /administrator/components/com_jshopping/controllers/vendors.php
2020-05-23 10:04:52 Copy file: /administrator/components/com_jshopping/css/style.css
2020-05-23 10:04:52 Copy file: /administrator/components/com_jshopping/install/install.sql
2020-05-23 10:04:52 Copy file: /administrator/components/com_jshopping/js/functions.js
2020-05-23 10:04:52 Copy file: /administrator/components/com_jshopping/lang/de-DE.php
2020-05-23 10:04:52 Copy file: /administrator/components/com_jshopping/lang/en-GB.php
2020-05-23 10:04:52 Copy file: /administrator/components/com_jshopping/lang/ru-RU.php
2020-05-23 10:04:52 Copy file: /administrator/components/com_jshopping/models/orders.php
2020-05-23 10:04:52 Copy file: /administrator/components/com_jshopping/models/users.php
2020-05-23 10:04:52 Copy file: /administrator/components/com_jshopping/views/addons/tmpl/list.php
2020-05-23 10:04:52 Copy file: /administrator/components/com_jshopping/views/attributes/tmpl/list.php
2020-05-23 10:04:52 Copy file: /administrator/components/com_jshopping/views/attributesgroups/tmpl/list.php
2020-05-23 10:04:52 Copy file: /administrator/components/com_jshopping/views/attributesvalues/tmpl/list.php
2020-05-23 10:04:52 Copy file: /administrator/components/com_jshopping/views/category/tmpl/list.php
2020-05-23 10:04:52 Copy file: /administrator/components/com_jshopping/views/comments/tmpl/list.php
2020-05-23 10:04:52 Copy file: /administrator/components/com_jshopping/views/config/tmpl/adminfunction.php
2020-05-23 10:04:52 Copy file: /administrator/components/com_jshopping/views/config/tmpl/categoryproduct.php
2020-05-23 10:04:52 Copy file: /administrator/components/com_jshopping/views/config/tmpl/checkout.php
2020-05-23 10:04:52 Copy file: /administrator/components/com_jshopping/views/config/tmpl/currency.php
2020-05-23 10:04:52 Copy file: /administrator/components/com_jshopping/views/config/tmpl/fieldregister.php
2020-05-23 10:04:52 Copy file: /administrator/components/com_jshopping/views/config/tmpl/general.php
2020-05-23 10:04:52 Copy file: /administrator/components/com_jshopping/views/config/tmpl/image.php
2020-05-23 10:04:52 Copy file: /administrator/components/com_jshopping/views/config/tmpl/listseo.php
2020-05-23 10:04:52 Copy file: /administrator/components/com_jshopping/views/config/tmpl/liststatictext.php
2020-05-23 10:04:52 Copy file: /administrator/components/com_jshopping/views/config/tmpl/otherconfig.php
2020-05-23 10:04:52 Copy file: /administrator/components/com_jshopping/views/config/tmpl/storeinfo.php
2020-05-23 10:04:52 Copy file: /administrator/components/com_jshopping/views/config_display_price/tmpl/list.php
2020-05-23 10:04:52 Copy file: /administrator/components/com_jshopping/views/countries/tmpl/list.php
2020-05-23 10:04:52 Copy file: /administrator/components/com_jshopping/views/coupons/tmpl/list.php
2020-05-23 10:04:52 Copy file: /administrator/components/com_jshopping/views/currencies/tmpl/list.php
2020-05-23 10:04:52 Copy file: /administrator/components/com_jshopping/views/deliverytimes/tmpl/list.php
2020-05-23 10:04:52 Copy file: /administrator/components/com_jshopping/views/freeattributes/tmpl/list.php
2020-05-23 10:04:52 Copy file: /administrator/components/com_jshopping/views/import_export_list/tmpl/default.php
2020-05-23 10:04:52 Copy file: /administrator/components/com_jshopping/views/languages_list/tmpl/default.php
2020-05-23 10:04:52 Copy file: /administrator/components/com_jshopping/views/logs/tmpl/list.php
2020-05-23 10:04:52 Copy file: /administrator/components/com_jshopping/views/manufacturer/tmpl/list.php
2020-05-23 10:04:52 Copy file: /administrator/components/com_jshopping/views/orders/tmpl/edit.php
2020-05-23 10:04:52 Copy file: /administrator/components/com_jshopping/views/orders/tmpl/list.php
2020-05-23 10:04:52 Copy file: /administrator/components/com_jshopping/views/orderstatus/tmpl/list.php
2020-05-23 10:04:52 Copy file: /administrator/components/com_jshopping/views/panel/tmpl/config.php
2020-05-23 10:04:52 Copy file: /administrator/components/com_jshopping/views/panel/tmpl/info.php
2020-05-23 10:04:52 Copy file: /administrator/components/com_jshopping/views/panel/tmpl/options.php
2020-05-23 10:04:52 Copy file: /administrator/components/com_jshopping/views/payments/tmpl/list.php
2020-05-23 10:04:52 Copy file: /administrator/components/com_jshopping/views/product_edit/tmpl/product_attribute_select.php
2020-05-23 10:04:52 Copy file: /administrator/components/com_jshopping/views/product_field_groups/tmpl/list.php
2020-05-23 10:04:52 Copy file: /administrator/components/com_jshopping/views/product_field_values/tmpl/list.php
2020-05-23 10:04:52 Copy file: /administrator/components/com_jshopping/views/product_fields/tmpl/list.php
2020-05-23 10:04:52 Copy file: /administrator/components/com_jshopping/views/product_labels/tmpl/list.php
2020-05-23 10:04:52 Copy file: /administrator/components/com_jshopping/views/product_list/tmpl/default.php
2020-05-23 10:04:52 Copy file: /administrator/components/com_jshopping/views/product_list/tmpl/selectable.php
2020-05-23 10:04:52 Copy file: /administrator/components/com_jshopping/views/shippingext/tmpl/list.php
2020-05-23 10:04:52 Copy file: /administrator/components/com_jshopping/views/shippings/tmpl/list.php
2020-05-23 10:04:52 Copy file: /administrator/components/com_jshopping/views/shippingsprices/tmpl/list.php
2020-05-23 10:04:52 Copy file: /administrator/components/com_jshopping/views/statistic/tmpl/default.php
2020-05-23 10:04:52 Copy file: /administrator/components/com_jshopping/views/taxes/tmpl/list.php
2020-05-23 10:04:52 Copy file: /administrator/components/com_jshopping/views/taxes_ext/tmpl/list.php
2020-05-23 10:04:52 Copy file: /administrator/components/com_jshopping/views/units/tmpl/list.php
2020-05-23 10:04:52 Copy file: /administrator/components/com_jshopping/views/update/tmpl/default.php
2020-05-23 10:04:52 Copy file: /administrator/components/com_jshopping/views/usergroups/tmpl/list.php
2020-05-23 10:04:52 Copy file: /administrator/components/com_jshopping/views/users/tmpl/list.php
2020-05-23 10:04:52 Copy file: /administrator/components/com_jshopping/views/vendors/tmpl/list.php
2020-05-23 10:04:52 Copy file: /components/com_jshopping/router.php
2020-05-23 10:04:52 Copy file: /components/com_jshopping/controllers/cart.php
2020-05-23 10:04:52 Copy file: /components/com_jshopping/controllers/checkout.php
2020-05-23 10:04:52 Copy file: /components/com_jshopping/controllers/product.php
2020-05-23 10:04:52 Copy file: /components/com_jshopping/controllers/user.php
2020-05-23 10:04:52 Copy file: /components/com_jshopping/js/functions.js
2020-05-23 10:04:52 Copy file: /components/com_jshopping/lib/default_config.php
2020-05-23 10:04:52 Copy file: /components/com_jshopping/lib/factory.php
2020-05-23 10:04:52 Copy file: /components/com_jshopping/lib/functions.php
2020-05-23 10:04:52 Copy file: /components/com_jshopping/lib/image.lib.php
2020-05-23 10:04:52 Copy file: /components/com_jshopping/models/cart.php
2020-05-23 10:04:52 Copy file: /components/com_jshopping/models/checkout.php
2020-05-23 10:04:52 Copy file: /components/com_jshopping/tables/config.php
2020-05-23 10:04:52 Copy file: /components/com_jshopping/tables/paymentmethod.php
2020-05-23 10:04:52 Copy file: /components/com_jshopping/tables/product.php
2020-05-23 10:04:52 Copy file: /components/com_jshopping/tables/shippingmethod.php
2020-05-23 10:04:52 Copy file: /components/com_jshopping/templates/default/cart/cart.php
2020-05-23 10:04:52 Copy file: /components/com_jshopping/templates/default/user/login.php
2020-05-23 10:04:52 Copy file: /components/com_jshopping/templates/default/user/logout.php
2020-05-23 10:04:55 
Start install: /home/c/cv89920/etk/public_html/tmp/JoomShopping-update-4.10.0-4.10.1.zip
2020-05-23 10:04:55 Copy file: /administrator/components/com_jshopping/jshopping.xml
2020-05-23 10:04:55 Copy file: /administrator/components/com_jshopping/controllers/manufacturers.php
2020-05-23 10:04:55 Copy file: /administrator/components/com_jshopping/controllers/products.php
2020-05-23 10:04:55 Copy file: /administrator/components/com_jshopping/controllers/users.php
2020-05-23 10:04:55 Copy file: /administrator/components/com_jshopping/models/categories.php
2020-05-23 10:04:55 Copy file: /administrator/components/com_jshopping/models/products.php
2020-05-23 10:04:55 Copy file: /components/com_jshopping/css/jquery.lightbox.css
2020-05-23 10:04:55 Copy file: /components/com_jshopping/js/jquery/jquery.lightbox.js
2020-05-23 10:04:55 Copy file: /components/com_jshopping/lib/default_config.php
2020-05-23 10:04:55 Copy file: /components/com_jshopping/lib/factory.php
2020-05-23 10:04:55 Copy file: /components/com_jshopping/payments/pm_sofortueberweisung/pm_sofortueberweisung.php
2020-05-23 10:04:56 
Start install: /home/c/cv89920/etk/public_html/tmp/JoomShopping-update-4.10.1-4.10.2.zip
2020-05-23 10:04:56 Copy file: /administrator/components/com_jshopping/jshopping.xml
2020-05-23 10:04:56 Copy file: /administrator/components/com_jshopping/controllers/currencies.php
2020-05-23 10:04:56 Copy file: /administrator/components/com_jshopping/models/currencies.php
2020-05-23 10:04:56 Copy file: /administrator/components/com_jshopping/views/update/tmpl/default.php
2020-05-23 10:04:56 Copy file: /components/com_jshopping/tables/product.php
2020-05-23 10:04:56 Copy file: /components/com_jshopping/templates/default/order/statusorder.php
2020-05-23 10:04:56 Copy file: /components/com_jshopping/templates/default/product/product_default.php
2020-05-23 10:04:58 
Start install: /home/c/cv89920/etk/public_html/tmp/JoomShopping-update-4.10.2-4.10.3.zip
2020-05-23 10:04:58 Copy file: /administrator/components/com_jshopping/jshopping.xml
2020-05-23 10:04:58 Copy file: /administrator/components/com_jshopping/lang/de-DE.php
2020-05-23 10:04:58 Copy file: /administrator/components/com_jshopping/views/addonkey/tmpl/default.php
2020-05-23 10:04:58 Copy file: /components/com_jshopping/lang/de-DE.php
2020-05-23 10:04:58 Copy file: /components/com_jshopping/lib/default_config.php
2020-05-23 10:04:58 Copy file: /components/com_jshopping/tables/addon.php
2020-05-23 10:04:58 Copy file: /components/com_jshopping/tables/product.php
2020-05-23 10:05:00 
Start install: /home/c/cv89920/etk/public_html/tmp/JoomShopping-update-4.10.3-4.10.4.zip
2020-05-23 10:05:00 Copy file: /administrator/components/com_jshopping/jshopping.xml
2020-05-23 10:05:00 Copy file: /administrator/components/com_jshopping/models/categories.php
2020-05-23 10:05:00 Copy file: /administrator/components/com_jshopping/models/products.php
2020-05-23 10:05:00 Copy file: /administrator/components/com_jshopping/views/config/tmpl/adminfunction.php
2020-05-23 10:05:00 Copy file: /administrator/components/com_jshopping/views/coupons/tmpl/list.php
2020-05-23 10:05:00 Copy file: /administrator/components/com_jshopping/views/product_edit/tmpl/info.php
2020-05-23 10:05:00 Copy file: /components/com_jshopping/loadparams.php
2020-05-23 10:05:00 Copy file: /components/com_jshopping/router.php
2020-05-23 10:05:00 Copy file: /components/com_jshopping/controllers/checkout.php
2020-05-23 10:05:00 Copy file: /components/com_jshopping/lib/default_config.php
2020-05-23 10:05:00 Copy file: /components/com_jshopping/lib/factory.php
2020-05-23 10:05:00 Copy file: /components/com_jshopping/lib/functions.php
2020-05-23 10:05:00 Copy file: /components/com_jshopping/tables/config.php
2020-05-23 10:05:02 
Start install: /home/c/cv89920/etk/public_html/tmp/JoomShopping-update-4.10.4-4.10.5.zip
2020-05-23 10:05:02 Copy file: /administrator/components/com_jshopping/jshopping.xml
2020-05-23 10:05:02 Copy file: /administrator/components/com_jshopping/controllers/categories.php
2020-05-23 10:05:02 Copy file: /administrator/components/com_jshopping/controllers/update.php
2020-05-23 10:05:02 Copy file: /components/com_jshopping/addons/addon_core.php
2020-05-23 10:05:02 Copy file: /components/com_jshopping/controllers/user.php
2020-05-23 10:05:02 Copy file: /components/com_jshopping/lib/functions.php
2020-05-23 10:05:02 Copy file: /components/com_jshopping/tables/shippingmethodprice.php
2020-05-23 10:05:02 Copy file: /components/com_jshopping/templates/default/category/category_default.php
2020-05-23 10:05:02 Copy file: /components/com_jshopping/templates/default/category/maincategory.php
2020-05-23 10:05:02 Copy file: /components/com_jshopping/templates/default/list_products/list_products.php
2020-05-23 10:05:02 Copy file: /components/com_jshopping/templates/default/product/product_default.php
2020-05-23 10:05:02 Copy file: /components/com_jshopping/views/addons/view.html.php
2020-05-23 10:05:05 
Start install: /home/c/cv89920/etk/public_html/tmp/JoomShopping-update-4.10.5-4.11.0.zip
2020-05-23 10:05:05 Copy file: /administrator/components/com_jshopping/jshopping.php
2020-05-23 10:05:05 Copy file: /administrator/components/com_jshopping/jshopping.xml
2020-05-23 10:05:05 Copy file: /administrator/components/com_jshopping/controllers/attributes.php
2020-05-23 10:05:05 Copy file: /administrator/components/com_jshopping/controllers/attributesvalues.php
2020-05-23 10:05:05 Copy file: /administrator/components/com_jshopping/controllers/orders.php
2020-05-23 10:05:05 Copy file: /administrator/components/com_jshopping/controllers/products.php
2020-05-23 10:05:05 Copy file: /administrator/components/com_jshopping/controllers/shippingsprices.php
2020-05-23 10:05:05 Copy file: /administrator/components/com_jshopping/controllers/update.php
2020-05-23 10:05:05 Copy file: /administrator/components/com_jshopping/controllers/users.php
2020-05-23 10:05:05 Copy file: /administrator/components/com_jshopping/importexport/iecontroller.php
2020-05-23 10:05:05 Copy file: /administrator/components/com_jshopping/importexport/simpleexport/simpleexport.php
2020-05-23 10:05:05 Copy file: /administrator/components/com_jshopping/js/functions.js
2020-05-23 10:05:05 Copy file: /administrator/components/com_jshopping/models/attribut.php
2020-05-23 10:05:05 Copy file: /administrator/components/com_jshopping/models/attributvalue.php
2020-05-23 10:05:05 Copy file: /administrator/components/com_jshopping/models/categories.php
2020-05-23 10:05:05 Copy file: /administrator/components/com_jshopping/models/orders.php
2020-05-23 10:05:05 Copy file: /administrator/components/com_jshopping/models/products.php
2020-05-23 10:05:05 Copy file: /administrator/components/com_jshopping/views/orders/tmpl/edit.php
2020-05-23 10:05:05 Copy file: /administrator/components/com_jshopping/views/orders/tmpl/list.php
2020-05-23 10:05:05 Copy file: /administrator/components/com_jshopping/views/orders/tmpl/show.php
2020-05-23 10:05:05 Copy file: /administrator/components/com_jshopping/views/product_edit/tmpl/default.php
2020-05-23 10:05:05 Copy file: /administrator/components/com_jshopping/views/product_edit/tmpl/files.php
2020-05-23 10:05:05 Copy file: /administrator/components/com_jshopping/views/product_list/tmpl/default.php
2020-05-23 10:05:05 Copy file: /components/com_jshopping/jshopping.php
2020-05-23 10:05:05 Copy file: /components/com_jshopping/loadparams.php
2020-05-23 10:05:05 Copy file: /components/com_jshopping/router.php
2020-05-23 10:05:05 Copy file: /components/com_jshopping/addons/addon_core.php
2020-05-23 10:05:05 Copy file: /components/com_jshopping/controllers/base.php
2020-05-23 10:05:05 Copy file: /components/com_jshopping/controllers/cart.php
2020-05-23 10:05:05 Copy file: /components/com_jshopping/controllers/category.php
2020-05-23 10:05:05 Copy file: /components/com_jshopping/controllers/checkout.php
2020-05-23 10:05:05 Copy file: /components/com_jshopping/controllers/content.php
2020-05-23 10:05:05 Copy file: /components/com_jshopping/controllers/importexport.php
2020-05-23 10:05:05 Copy file: /components/com_jshopping/controllers/manufacturer.php
2020-05-23 10:05:05 Copy file: /components/com_jshopping/controllers/product.php
2020-05-23 10:05:05 Copy file: /components/com_jshopping/controllers/products.php
2020-05-23 10:05:05 Copy file: /components/com_jshopping/controllers/search.php
2020-05-23 10:05:05 Copy file: /components/com_jshopping/controllers/user.php
2020-05-23 10:05:05 Copy file: /components/com_jshopping/controllers/vendor.php
2020-05-23 10:05:05 Copy file: /components/com_jshopping/controllers/wishlist.php
2020-05-23 10:05:05 Copy file: /components/com_jshopping/helpers/cart.php
2020-05-23 10:05:05 Copy file: /components/com_jshopping/helpers/category.php
2020-05-23 10:05:05 Copy file: /components/com_jshopping/helpers/metadata.php
2020-05-23 10:05:05 Copy file: /components/com_jshopping/helpers/request.php
2020-05-23 10:05:05 Copy file: /components/com_jshopping/helpers/selectoptions.php
2020-05-23 10:05:05 Copy file: /components/com_jshopping/helpers/selects.php
2020-05-23 10:05:05 Copy file: /components/com_jshopping/lang/de-DE.php
2020-05-23 10:05:05 Copy file: /components/com_jshopping/lang/en-GB.php
2020-05-23 10:05:05 Copy file: /components/com_jshopping/lang/ru-RU.php
2020-05-23 10:05:05 Copy file: /components/com_jshopping/lib/default_config.php
2020-05-23 10:05:05 Copy file: /components/com_jshopping/lib/factory.php
2020-05-23 10:05:05 Copy file: /components/com_jshopping/lib/functions.php
2020-05-23 10:05:05 Copy file: /components/com_jshopping/lib/jtableauto.php
2020-05-23 10:05:05 Copy file: /components/com_jshopping/lib/shop_core_file.php
2020-05-23 10:05:05 Copy file: /components/com_jshopping/lib/shop_item_menu.php
2020-05-23 10:05:05 Copy file: /components/com_jshopping/lib/tree_object_list.php
2020-05-23 10:05:05 Copy file: /components/com_jshopping/models/base.php
2020-05-23 10:05:05 Copy file: /components/com_jshopping/models/cart.php
2020-05-23 10:05:05 Copy file: /components/com_jshopping/models/cartpreview.php
2020-05-23 10:05:05 Copy file: /components/com_jshopping/models/checkout.php
2020-05-23 10:05:05 Copy file: /components/com_jshopping/models/checkoutbuy.php
2020-05-23 10:05:05 Copy file: /components/com_jshopping/models/checkoutfinish.php
2020-05-23 10:05:05 Copy file: /components/com_jshopping/models/checkoutorder.php
2020-05-23 10:05:05 Copy file: /components/com_jshopping/models/checkoutpayment.php
2020-05-23 10:05:05 Copy file: /components/com_jshopping/models/checkoutshipping.php
2020-05-23 10:05:05 Copy file: /components/com_jshopping/models/checkoutstep.php
2020-05-23 10:05:05 Copy file: /components/com_jshopping/models/contentpage.php
2020-05-23 10:05:05 Copy file: /components/com_jshopping/models/importexportstart.php
2020-05-23 10:05:05 Copy file: /components/com_jshopping/models/mail.php
2020-05-23 10:05:05 Copy file: /components/com_jshopping/models/orderchangestatus.php
2020-05-23 10:05:05 Copy file: /components/com_jshopping/models/ordermail.php
2020-05-23 10:05:05 Copy file: /components/com_jshopping/models/productajaxrequest.php
2020-05-23 10:05:05 Copy file: /components/com_jshopping/models/productdownload.php
2020-05-23 10:05:05 Copy file: /components/com_jshopping/models/productlist.php
2020-05-23 10:05:05 Copy file: /components/com_jshopping/models/productlistinterface.php
2020-05-23 10:05:05 Copy file: /components/com_jshopping/models/productreview.php
2020-05-23 10:05:05 Copy file: /components/com_jshopping/models/productreviewlist.php
2020-05-23 10:05:05 Copy file: /components/com_jshopping/models/productsbestseller.php
2020-05-23 10:05:05 Copy file: /components/com_jshopping/models/productshop.php
2020-05-23 10:05:05 Copy file: /components/com_jshopping/models/productslabel.php
2020-05-23 10:05:05 Copy file: /components/com_jshopping/models/productslast.php
2020-05-23 10:05:05 Copy file: /components/com_jshopping/models/productsrandom.php
2020-05-23 10:05:05 Copy file: /components/com_jshopping/models/productssearch.php
2020-05-23 10:05:05 Copy file: /components/com_jshopping/models/productstophits.php
2020-05-23 10:05:05 Copy file: /components/com_jshopping/models/productstoprating.php
2020-05-23 10:05:05 Copy file: /components/com_jshopping/models/reviewmail.php
2020-05-23 10:05:05 Copy file: /components/com_jshopping/models/search.php
2020-05-23 10:05:05 Copy file: /components/com_jshopping/models/searchrequest.php
2020-05-23 10:05:05 Copy file: /components/com_jshopping/models/tempcart.php
2020-05-23 10:05:05 Copy file: /components/com_jshopping/models/useractivate.php
2020-05-23 10:05:05 Copy file: /components/com_jshopping/models/userbase.php
2020-05-23 10:05:05 Copy file: /components/com_jshopping/models/useredit.php
2020-05-23 10:05:05 Copy file: /components/com_jshopping/models/userguest.php
2020-05-23 10:05:05 Copy file: /components/com_jshopping/models/userlogin.php
2020-05-23 10:05:05 Copy file: /components/com_jshopping/models/usermailactivation.php
2020-05-23 10:05:05 Copy file: /components/com_jshopping/models/usermailregister.php
2020-05-23 10:05:05 Copy file: /components/com_jshopping/models/userorder.php
2020-05-23 10:05:05 Copy file: /components/com_jshopping/models/userorders.php
2020-05-23 10:05:05 Copy file: /components/com_jshopping/models/userregister.php
2020-05-23 10:05:05 Copy file: /components/com_jshopping/models/vendorlist.php
2020-05-23 10:05:05 Copy file: /components/com_jshopping/payments/payment.php
2020-05-23 10:05:05 Copy file: /components/com_jshopping/shippingform/shippingform.php
2020-05-23 10:05:05 Copy file: /components/com_jshopping/tables/addon.php
2020-05-23 10:05:05 Copy file: /components/com_jshopping/tables/attribut.php
2020-05-23 10:05:05 Copy file: /components/com_jshopping/tables/attributesgroup.php
2020-05-23 10:05:05 Copy file: /components/com_jshopping/tables/attributvalue.php
2020-05-23 10:05:05 Copy file: /components/com_jshopping/tables/category.php
2020-05-23 10:05:05 Copy file: /components/com_jshopping/tables/config.php
2020-05-23 10:05:05 Copy file: /components/com_jshopping/tables/configdisplayprice.php
2020-05-23 10:05:05 Copy file: /components/com_jshopping/tables/country.php
2020-05-23 10:05:05 Copy file: /components/com_jshopping/tables/coupon.php
2020-05-23 10:05:05 Copy file: /components/com_jshopping/tables/currency.php
2020-05-23 10:05:05 Copy file: /components/com_jshopping/tables/deliverytimes.php
2020-05-23 10:05:05 Copy file: /components/com_jshopping/tables/freeattribut.php
2020-05-23 10:05:05 Copy file: /components/com_jshopping/tables/image.php
2020-05-23 10:05:05 Copy file: /components/com_jshopping/tables/importexport.php
2020-05-23 10:05:05 Copy file: /components/com_jshopping/tables/language.php
2020-05-23 10:05:05 Copy file: /components/com_jshopping/tables/manufacturer.php
2020-05-23 10:05:05 Copy file: /components/com_jshopping/tables/multilang.php
2020-05-23 10:05:05 Copy file: /components/com_jshopping/tables/order.php
2020-05-23 10:05:05 Copy file: /components/com_jshopping/tables/orderhistory.php
2020-05-23 10:05:05 Copy file: /components/com_jshopping/tables/orderitem.php
2020-05-23 10:05:05 Copy file: /components/com_jshopping/tables/orderstatus.php
2020-05-23 10:05:05 Copy file: /components/com_jshopping/tables/paymentmethod.php
2020-05-23 10:05:05 Copy file: /components/com_jshopping/tables/paymenttrx.php
2020-05-23 10:05:05 Copy file: /components/com_jshopping/tables/paymenttrxdata.php
2020-05-23 10:05:05 Copy file: /components/com_jshopping/tables/product.php
2020-05-23 10:05:05 Copy file: /components/com_jshopping/tables/productattribut.php
2020-05-23 10:05:05 Copy file: /components/com_jshopping/tables/productattribut2.php
2020-05-23 10:05:05 Copy file: /components/com_jshopping/tables/productfield.php
2020-05-23 10:05:05 Copy file: /components/com_jshopping/tables/productfieldgroup.php
2020-05-23 10:05:05 Copy file: /components/com_jshopping/tables/productfieldvalue.php
2020-05-23 10:05:05 Copy file: /components/com_jshopping/tables/productfiles.php
2020-05-23 10:05:05 Copy file: /components/com_jshopping/tables/productlabel.php
2020-05-23 10:05:05 Copy file: /components/com_jshopping/tables/productoption.php
2020-05-23 10:05:05 Copy file: /components/com_jshopping/tables/productprice.php
2020-05-23 10:05:05 Copy file: /components/com_jshopping/tables/productvideo.php
2020-05-23 10:05:05 Copy file: /components/com_jshopping/tables/review.php
2020-05-23 10:05:05 Copy file: /components/com_jshopping/tables/seo.php
2020-05-23 10:05:05 Copy file: /components/com_jshopping/tables/shippingext.php
2020-05-23 10:05:05 Copy file: /components/com_jshopping/tables/shippingmethod.php
2020-05-23 10:05:05 Copy file: /components/com_jshopping/tables/shippingmethodprice.php
2020-05-23 10:05:05 Copy file: /components/com_jshopping/tables/shippingmethodpriceweight.php
2020-05-23 10:05:05 Copy file: /components/com_jshopping/tables/statictext.php
2020-05-23 10:05:05 Copy file: /components/com_jshopping/tables/tax.php
2020-05-23 10:05:05 Copy file: /components/com_jshopping/tables/taxext.php
2020-05-23 10:05:05 Copy file: /components/com_jshopping/tables/unit.php
2020-05-23 10:05:05 Copy file: /components/com_jshopping/tables/usergroup.php
2020-05-23 10:05:05 Copy file: /components/com_jshopping/tables/usershop.php
2020-05-23 10:05:05 Copy file: /components/com_jshopping/tables/usershopbase.php
2020-05-23 10:05:05 Copy file: /components/com_jshopping/tables/vendor.php
2020-05-23 10:05:05 Copy file: /components/com_jshopping/templates/default/cart/cart.php
2020-05-23 10:05:05 Copy file: /components/com_jshopping/templates/default/category/category_default.php
2020-05-23 10:05:05 Copy file: /components/com_jshopping/templates/default/checkout/orderemail.php
2020-05-23 10:05:05 Copy file: /components/com_jshopping/templates/default/checkout/step6iframe.php
2020-05-23 10:05:05 Copy file: /components/com_jshopping/templates/default/order/order.php
2020-05-23 10:05:05 Copy file: /components/com_jshopping/templates/default/user/editaccount.php
2020-05-23 10:05:05 Copy file: /components/com_jshopping/views/addons/view.html.php
2020-05-23 10:05:06 
Start install: /home/c/cv89920/etk/public_html/tmp/JoomShopping-update-4.11.0-4.11.1.zip
2020-05-23 10:05:06 Copy file: /administrator/components/com_jshopping/jshopping.xml
2020-05-23 10:05:06 Copy file: /administrator/components/com_jshopping/controllers/orders.php
2020-05-23 10:05:06 Copy file: /administrator/components/com_jshopping/controllers/products.php
2020-05-23 10:05:06 Copy file: /administrator/components/com_jshopping/css/style.css
2020-05-23 10:05:06 Copy file: /administrator/components/com_jshopping/views/config/tmpl/fieldregister.php
2020-05-23 10:05:06 Copy file: /administrator/components/com_jshopping/views/orders/tmpl/edit.php
2020-05-23 10:05:06 Copy file: /administrator/components/com_jshopping/views/orders/tmpl/show.php
2020-05-23 10:05:06 Copy file: /components/com_jshopping/controllers/checkout.php
2020-05-23 10:05:06 Copy file: /components/com_jshopping/controllers/product.php
2020-05-23 10:05:06 Copy file: /components/com_jshopping/models/base.php
2020-05-23 10:05:06 Copy file: /components/com_jshopping/models/ordermail.php
2020-05-23 10:05:06 Copy file: /components/com_jshopping/models/productajaxrequest.php
2020-05-23 10:05:06 Copy file: /components/com_jshopping/models/productreviewlist.php
2020-05-23 10:05:06 Copy file: /components/com_jshopping/models/userregister.php
2020-05-23 10:05:06 Copy file: /components/com_jshopping/templates/default/checkout/orderemail.php
2020-05-23 10:05:06 Copy file: /components/com_jshopping/templates/default/order/listorder.php
2020-05-23 10:05:06 Copy file: /components/com_jshopping/templates/default/order/order.php
2020-05-23 10:05:06 Copy file: /components/com_jshopping/views/addons/view.html.php
2020-05-23 10:05:09 
Start install: /home/c/cv89920/etk/public_html/tmp/JoomShopping-update-4.11.1-4.11.2.zip
2020-05-23 10:05:09 Copy file: /administrator/components/com_jshopping/jshopping.xml
2020-05-23 10:05:09 Copy file: /administrator/components/com_jshopping/controllers/orders.php
2020-05-23 10:05:09 Copy file: /administrator/components/com_jshopping/install/install.sql
2020-05-23 10:05:09 Copy file: /administrator/components/com_jshopping/lang/de-DE.php
2020-05-23 10:05:09 Copy file: /administrator/components/com_jshopping/lang/en-GB.php
2020-05-23 10:05:09 Copy file: /administrator/components/com_jshopping/lang/ru-RU.php
2020-05-23 10:05:09 Copy file: /administrator/components/com_jshopping/models/orders.php
2020-05-23 10:05:09 Copy file: /administrator/components/com_jshopping/views/product_edit/tmpl/images.php
2020-05-23 10:05:09 Copy file: /administrator/components/com_jshopping/views/users/tmpl/edit.php
2020-05-23 10:05:09 Copy file: /components/com_jshopping/lib/default_config.php
2020-05-23 10:05:09 Copy file: /components/com_jshopping/lib/functions.php
2020-05-23 10:05:09 Copy file: /components/com_jshopping/lib/generete_pdf_order.php
2020-05-23 10:05:09 Copy file: /components/com_jshopping/lib/jtableauto.php
2020-05-23 10:05:09 Copy file: /components/com_jshopping/models/cart.php
2020-05-23 10:05:09 Copy file: /components/com_jshopping/models/ordermail.php
2020-05-23 10:05:09 Copy file: /components/com_jshopping/tables/order.php
2020-05-23 10:05:09 Copy file: /components/com_jshopping/templates/default/checkout/orderemail.php
2020-05-23 10:05:10 
Start install: /home/c/cv89920/etk/public_html/tmp/JoomShopping-update-4.11.2-4.11.3.zip
2020-05-23 10:05:10 Copy file: /administrator/components/com_jshopping/jshopping.xml
2020-05-23 10:05:10 Copy file: /administrator/components/com_jshopping/controllers/config.php
2020-05-23 10:05:10 Copy file: /administrator/components/com_jshopping/controllers/update.php
2020-05-23 10:05:10 Copy file: /administrator/components/com_jshopping/lang/de-DE.php
2020-05-23 10:05:10 Copy file: /administrator/components/com_jshopping/lang/en-GB.php
2020-05-23 10:05:10 Copy file: /administrator/components/com_jshopping/lang/ru-RU.php
2020-05-23 10:05:10 Copy file: /administrator/components/com_jshopping/views/config/tmpl/editstatictext.php
2020-05-23 10:05:10 Copy file: /components/com_jshopping/lib/default_config.php
2020-05-23 10:05:10 Copy file: /components/com_jshopping/models/cart.php
2020-05-23 10:05:12 
Start install: /home/c/cv89920/etk/public_html/tmp/JoomShopping-update-4.11.3-4.11.4.zip
2020-05-23 10:05:12 Copy file: /administrator/components/com_jshopping/jshopping.xml
2020-05-23 10:05:12 Copy file: /administrator/components/com_jshopping/controllers/config.php
2020-05-23 10:05:12 Copy file: /administrator/components/com_jshopping/controllers/orders.php
2020-05-23 10:05:12 Copy file: /components/com_jshopping/models/ordermail.php
2020-05-23 10:05:12 Copy file: /components/com_jshopping/models/userguest.php
2020-05-23 10:05:12 Copy file: /components/com_jshopping/tables/order.php
2020-05-23 10:05:13 
Start install: /home/c/cv89920/etk/public_html/tmp/JoomShopping-update-4.11.4-4.11.5.zip
2020-05-23 10:05:13 Copy file: /administrator/components/com_jshopping/jshopping.xml
2020-05-23 10:05:13 Copy file: /components/com_jshopping/lib/default_config.php
2020-05-23 10:05:13 Copy file: /components/com_jshopping/lib/functions.php
2020-05-23 10:05:13 Copy file: /components/com_jshopping/lib/generete_pdf_order.php
2020-05-23 10:05:13 Copy file: /components/com_jshopping/models/checkoutorder.php
2020-05-23 10:05:13 Copy file: /components/com_jshopping/models/productajaxrequest.php
2020-05-23 10:05:13 Copy file: /components/com_jshopping/models/searchrequest.php
2020-05-23 10:05:13 Copy file: /components/com_jshopping/payments/payment.php
2020-05-23 10:05:13 Copy file: /components/com_jshopping/tables/product.php
2020-05-23 10:05:13 Copy file: /components/com_jshopping/tables/usergroup.php
2020-05-23 10:05:13 Copy file: /components/com_jshopping/templates/default/product/product_default.php
2020-05-23 10:05:15 
Start install: /home/c/cv89920/etk/public_html/tmp/JoomShopping-update-4.11.5-4.11.6.zip
2020-05-23 10:05:15 Copy file: /administrator/components/com_jshopping/jshopping.xml
2020-05-23 10:05:15 Copy file: /components/com_jshopping/lib/jsuri.php
2020-05-23 10:05:15 Copy file: /components/com_jshopping/lib/shop_core_file.php
2020-05-23 10:05:15 Copy file: /components/com_jshopping/models/userlogin.php
2020-05-23 10:05:15 Copy file: /components/com_jshopping/tables/order.php
2020-05-23 10:05:17 
Start install: /home/c/cv89920/etk/public_html/tmp/JoomShopping-update-4.11.6-4.12.0.zip
2020-05-23 10:05:17 Copy file: /administrator/components/com_jshopping/jshopping.xml
2020-05-23 10:05:17 Copy file: /administrator/components/com_jshopping/controllers/coupons.php
2020-05-23 10:05:17 Copy file: /administrator/components/com_jshopping/lang/de-DE.php
2020-05-23 10:05:17 Copy file: /administrator/components/com_jshopping/lang/en-GB.php
2020-05-23 10:05:17 Copy file: /administrator/components/com_jshopping/lang/ru-RU.php
2020-05-23 10:05:17 Copy file: /administrator/components/com_jshopping/views/config/tmpl/image.php
2020-05-23 10:05:17 Copy file: /administrator/components/com_jshopping/views/orders/tmpl/edit.php
2020-05-23 10:05:17 Copy file: /components/com_jshopping/controllers/product.php
2020-05-23 10:05:17 Copy file: /components/com_jshopping/helpers/metadata.php
2020-05-23 10:05:17 Copy file: /components/com_jshopping/js/functions.js
2020-05-23 10:05:17 Copy file: /components/com_jshopping/js/validateForm.js
2020-05-23 10:05:17 Copy file: /components/com_jshopping/lib/default_config.php
2020-05-23 10:05:17 Copy file: /components/com_jshopping/lib/functions.php
2020-05-23 10:05:17 Copy file: /components/com_jshopping/models/userregister.php
2020-05-23 10:05:17 Copy file: /components/com_jshopping/tables/country.php
2020-05-23 10:05:17 Copy file: /components/com_jshopping/tables/product.php
2020-05-23 10:05:17 Copy file: /components/com_jshopping/tables/productfiles.php
2020-05-23 10:05:17 Copy file: /components/com_jshopping/templates/default/product/load.js.php
2020-05-23 10:05:17 Copy file: /components/com_jshopping/templates/default/product/playmedia.php
2020-05-23 10:05:19 
Start install: /home/c/cv89920/etk/public_html/tmp/JoomShopping-update-4.12.0-4.12.1.zip
2020-05-23 10:05:19 Copy file: /administrator/components/com_jshopping/jshopping.xml
2020-05-23 10:05:19 Copy file: /administrator/components/com_jshopping/controllers/products.php
2020-05-23 10:05:19 Copy file: /administrator/components/com_jshopping/models/products.php
2020-05-23 10:05:19 Copy file: /components/com_jshopping/lib/generete_pdf_order.php
2020-05-23 10:05:19 Copy file: /components/com_jshopping/payments/pm_paypal/adminparamsform.php
2020-05-23 10:05:19 Copy file: /components/com_jshopping/payments/pm_paypal/pm_paypal.php
2020-05-23 10:05:20 
Start install: /home/c/cv89920/etk/public_html/tmp/JoomShopping-update-4.12.1-4.12.2.zip
2020-05-23 10:05:20 Copy file: /administrator/components/com_jshopping/jshopping.xml
2020-05-23 10:05:20 Copy file: /administrator/components/com_jshopping/lang/de-DE.php
2020-05-23 10:05:20 Copy file: /administrator/components/com_jshopping/lang/en-GB.php
2020-05-23 10:05:20 Copy file: /administrator/components/com_jshopping/lang/ru-RU.php
2020-05-23 10:05:20 Copy file: /components/com_jshopping/css/default.css
2020-05-23 10:05:20 Copy file: /components/com_jshopping/lang/de-DE.php
2020-05-23 10:05:20 Copy file: /components/com_jshopping/lang/en-GB.php
2020-05-23 10:05:20 Copy file: /components/com_jshopping/lang/ru-RU.php
2020-05-23 10:05:20 Copy file: /components/com_jshopping/lib/functions.php
2020-05-23 10:05:20 Copy file: /components/com_jshopping/models/cart.php
2020-05-23 10:05:20 Copy file: /components/com_jshopping/payments/pm_paypal/adminparamsform.php
2020-05-23 10:05:20 Copy file: /components/com_jshopping/payments/pm_paypal/pm_paypal.php
2020-05-23 10:05:20 Copy file: /components/com_jshopping/tables/product.php
2020-05-23 10:05:20 Copy file: /components/com_jshopping/templates/default/cart/cart.php
2020-05-23 10:05:20 Copy file: /components/com_jshopping/templates/default/cart/checkout.php
2020-05-23 10:05:20 Copy file: /components/com_jshopping/templates/default/cart/wishlist.php
2020-05-23 10:05:20 Copy file: /components/com_jshopping/templates/default/category/category_default.php
2020-05-23 10:05:20 Copy file: /components/com_jshopping/templates/default/order/order.php
2020-05-23 10:05:22 
Start install: /home/c/cv89920/etk/public_html/tmp/JoomShopping-update-4.12.2-4.12.3.zip
2020-05-23 10:05:22 Copy file: /administrator/components/com_jshopping/jshopping.xml
2020-05-23 10:05:22 Copy file: /components/com_jshopping/router.php
2020-05-23 10:05:22 Copy file: /components/com_jshopping/controllers/cart.php
2020-05-23 10:05:24 
Start install: /home/c/cv89920/etk/public_html/tmp/JoomShopping-update-4.12.3-4.13.0.zip
2020-05-23 10:05:24 Copy file: /administrator/components/com_jshopping/jshopping.php
2020-05-23 10:05:24 Copy file: /administrator/components/com_jshopping/jshopping.xml
2020-05-23 10:05:24 Copy file: /administrator/components/com_jshopping/controllers/addons.php
2020-05-23 10:05:24 Copy file: /administrator/components/com_jshopping/controllers/attributes.php
2020-05-23 10:05:24 Copy file: /administrator/components/com_jshopping/controllers/attributesgroups.php
2020-05-23 10:05:24 Copy file: /administrator/components/com_jshopping/controllers/attributesvalues.php
2020-05-23 10:05:24 Copy file: /administrator/components/com_jshopping/controllers/categories.php
2020-05-23 10:05:24 Copy file: /administrator/components/com_jshopping/controllers/config.php
2020-05-23 10:05:24 Copy file: /administrator/components/com_jshopping/controllers/configdisplayprice.php
2020-05-23 10:05:24 Copy file: /administrator/components/com_jshopping/controllers/countries.php
2020-05-23 10:05:24 Copy file: /administrator/components/com_jshopping/controllers/coupons.php
2020-05-23 10:05:24 Copy file: /administrator/components/com_jshopping/controllers/currencies.php
2020-05-23 10:05:24 Copy file: /administrator/components/com_jshopping/controllers/deliverytimes.php
2020-05-23 10:05:24 Copy file: /administrator/components/com_jshopping/controllers/exttaxes.php
2020-05-23 10:05:24 Copy file: /administrator/components/com_jshopping/controllers/freeattributes.php
2020-05-23 10:05:24 Copy file: /administrator/components/com_jshopping/controllers/importexport.php
2020-05-23 10:05:24 Copy file: /administrator/components/com_jshopping/controllers/languages.php
2020-05-23 10:05:24 Copy file: /administrator/components/com_jshopping/controllers/licensekeyaddon.php
2020-05-23 10:05:24 Copy file: /administrator/components/com_jshopping/controllers/logs.php
2020-05-23 10:05:24 Copy file: /administrator/components/com_jshopping/controllers/manufacturers.php
2020-05-23 10:05:24 Copy file: /administrator/components/com_jshopping/controllers/orders.php
2020-05-23 10:05:24 Copy file: /administrator/components/com_jshopping/controllers/orderstatus.php
2020-05-23 10:05:24 Copy file: /administrator/components/com_jshopping/controllers/payments.php
2020-05-23 10:05:24 Copy file: /administrator/components/com_jshopping/controllers/product_images.php
2020-05-23 10:05:24 Copy file: /administrator/components/com_jshopping/controllers/product_list_selectable.php
2020-05-23 10:05:24 Copy file: /administrator/components/com_jshopping/controllers/productfieldgroups.php
2020-05-23 10:05:24 Copy file: /administrator/components/com_jshopping/controllers/productfields.php
2020-05-23 10:05:24 Copy file: /administrator/components/com_jshopping/controllers/productfieldvalues.php
2020-05-23 10:05:24 Copy file: /administrator/components/com_jshopping/controllers/productlabels.php
2020-05-23 10:05:24 Copy file: /administrator/components/com_jshopping/controllers/products.php
2020-05-23 10:05:24 Copy file: /administrator/components/com_jshopping/controllers/reviews.php
2020-05-23 10:05:24 Copy file: /administrator/components/com_jshopping/controllers/shippingextprice.php
2020-05-23 10:05:24 Copy file: /administrator/components/com_jshopping/controllers/shippings.php
2020-05-23 10:05:24 Copy file: /administrator/components/com_jshopping/controllers/shippingsprices.php
2020-05-23 10:05:24 Copy file: /administrator/components/com_jshopping/controllers/taxes.php
2020-05-23 10:05:24 Copy file: /administrator/components/com_jshopping/controllers/units.php
2020-05-23 10:05:24 Copy file: /administrator/components/com_jshopping/controllers/update.php
2020-05-23 10:05:24 Copy file: /administrator/components/com_jshopping/controllers/usergroups.php
2020-05-23 10:05:24 Copy file: /administrator/components/com_jshopping/controllers/users.php
2020-05-23 10:05:24 Copy file: /administrator/components/com_jshopping/controllers/vendors.php
2020-05-23 10:05:24 Copy file: /administrator/components/com_jshopping/importexport/simpleexport/simpleexport.php
2020-05-23 10:05:24 Copy file: /administrator/components/com_jshopping/importexport/simpleimport/simpleimport.php
2020-05-23 10:05:24 Copy file: /administrator/components/com_jshopping/install/install.sql
2020-05-23 10:05:24 Copy file: /administrator/components/com_jshopping/lang/de-DE.php
2020-05-23 10:05:24 Copy file: /administrator/components/com_jshopping/lang/en-GB.php
2020-05-23 10:05:24 Copy file: /administrator/components/com_jshopping/lang/ru-RU.php
2020-05-23 10:05:24 Copy file: /administrator/components/com_jshopping/models/categories.php
2020-05-23 10:05:24 Copy file: /administrator/components/com_jshopping/models/products.php
2020-05-23 10:05:24 Copy file: /administrator/components/com_jshopping/models/users.php
2020-05-23 10:05:24 Copy file: /administrator/components/com_jshopping/views/attributes/tmpl/list.php
2020-05-23 10:05:24 Copy file: /administrator/components/com_jshopping/views/comments/tmpl/edit.php
2020-05-23 10:05:24 Copy file: /administrator/components/com_jshopping/views/countries/tmpl/edit.php
2020-05-23 10:05:24 Copy file: /administrator/components/com_jshopping/views/coupons/tmpl/edit.php
2020-05-23 10:05:24 Copy file: /administrator/components/com_jshopping/views/currencies/tmpl/list.php
2020-05-23 10:05:24 Copy file: /administrator/components/com_jshopping/views/orders/tmpl/edit.php
2020-05-23 10:05:24 Copy file: /administrator/components/com_jshopping/views/orders/tmpl/list.php
2020-05-23 10:05:24 Copy file: /administrator/components/com_jshopping/views/orderstatus/tmpl/edit.php
2020-05-23 10:05:24 Copy file: /administrator/components/com_jshopping/views/orderstatus/tmpl/list.php
2020-05-23 10:05:24 Copy file: /administrator/components/com_jshopping/views/product_edit/tmpl/default.php
2020-05-23 10:05:24 Copy file: /administrator/components/com_jshopping/views/product_edit/tmpl/freeattribute.php
2020-05-23 10:05:24 Copy file: /administrator/components/com_jshopping/views/product_list/tmpl/search_related.php
2020-05-23 10:05:24 Copy file: /administrator/components/com_jshopping/views/shippings/tmpl/edit.php
2020-05-23 10:05:24 Copy file: /administrator/components/com_jshopping/views/taxes/tmpl/edit.php
2020-05-23 10:05:24 Copy file: /administrator/components/com_jshopping/views/taxes/tmpl/list.php
2020-05-23 10:05:24 Copy file: /administrator/components/com_jshopping/views/users/tmpl/edit.php
2020-05-23 10:05:24 Copy file: /administrator/components/com_jshopping/views/users/tmpl/list.php
2020-05-23 10:05:24 Copy file: /components/com_jshopping/jshopping.php
2020-05-23 10:05:24 Copy file: /components/com_jshopping/loadparams.php
2020-05-23 10:05:24 Copy file: /components/com_jshopping/controllers/cart.php
2020-05-23 10:05:24 Copy file: /components/com_jshopping/controllers/category.php
2020-05-23 10:05:24 Copy file: /components/com_jshopping/controllers/checkout.php
2020-05-23 10:05:24 Copy file: /components/com_jshopping/controllers/content.php
2020-05-23 10:05:24 Copy file: /components/com_jshopping/controllers/importexport.php
2020-05-23 10:05:24 Copy file: /components/com_jshopping/controllers/manufacturer.php
2020-05-23 10:05:24 Copy file: /components/com_jshopping/controllers/product.php
2020-05-23 10:05:24 Copy file: /components/com_jshopping/controllers/search.php
2020-05-23 10:05:24 Copy file: /components/com_jshopping/controllers/user.php
2020-05-23 10:05:24 Copy file: /components/com_jshopping/controllers/vendor.php
2020-05-23 10:05:24 Copy file: /components/com_jshopping/controllers/wishlist.php
2020-05-23 10:05:24 Copy file: /components/com_jshopping/helpers/metadata.php
2020-05-23 10:05:24 Copy file: /components/com_jshopping/helpers/request.php
2020-05-23 10:05:24 Copy file: /components/com_jshopping/lib/functions.php
2020-05-23 10:05:24 Copy file: /components/com_jshopping/lib/multilangfield.php
2020-05-23 10:05:24 Copy file: /components/com_jshopping/lib/parse_string.php
2020-05-23 10:05:24 Copy file: /components/com_jshopping/models/checkoutorder.php
2020-05-23 10:05:24 Copy file: /components/com_jshopping/models/importexportstart.php
2020-05-23 10:05:24 Copy file: /components/com_jshopping/models/productlist.php
2020-05-23 10:05:24 Copy file: /components/com_jshopping/models/productreviewlist.php
2020-05-23 10:05:24 Copy file: /components/com_jshopping/models/productssearch.php
2020-05-23 10:05:24 Copy file: /components/com_jshopping/models/searchrequest.php
2020-05-23 10:05:24 Copy file: /components/com_jshopping/models/userlogin.php
2020-05-23 10:05:24 Copy file: /components/com_jshopping/models/userregister.php
2020-05-23 10:05:24 Copy file: /components/com_jshopping/models/vendorlist.php
2020-05-23 10:05:24 Copy file: /components/com_jshopping/payments/pm_paypal/pm_paypal.php
2020-05-23 10:05:24 Copy file: /components/com_jshopping/payments/pm_sofortueberweisung/pm_sofortueberweisung.php
2020-05-23 10:05:24 Copy file: /components/com_jshopping/tables/attributvalue.php
2020-05-23 10:05:24 Copy file: /components/com_jshopping/tables/category.php
2020-05-23 10:05:24 Copy file: /components/com_jshopping/tables/config.php
2020-05-23 10:05:24 Copy file: /components/com_jshopping/tables/configdisplayprice.php
2020-05-23 10:05:24 Copy file: /components/com_jshopping/tables/manufacturer.php
2020-05-23 10:05:24 Copy file: /components/com_jshopping/tables/order.php
2020-05-23 10:05:24 Copy file: /components/com_jshopping/tables/orderhistory.php
2020-05-23 10:05:24 Copy file: /components/com_jshopping/tables/product.php
2020-05-23 10:05:24 Copy file: /components/com_jshopping/tables/tax.php
2020-05-23 10:05:24 Copy file: /components/com_jshopping/tables/usershop.php
2020-05-23 10:05:24 Copy file: /components/com_jshopping/tables/vendor.php
2020-05-23 10:05:25 
Start install: /home/c/cv89920/etk/public_html/tmp/JoomShopping-update-4.13.0-4.14.0.zip IP:188.186.36.116 UID:695
2020-05-23 10:05:25 Copy file: /administrator/components/com_jshopping/functions.php
2020-05-23 10:05:25 Copy file: /administrator/components/com_jshopping/jshopping.php
2020-05-23 10:05:25 Copy file: /administrator/components/com_jshopping/jshopping.xml
2020-05-23 10:05:25 Copy file: /administrator/components/com_jshopping/controllers/addons.php
2020-05-23 10:05:25 Copy file: /administrator/components/com_jshopping/controllers/attributes.php
2020-05-23 10:05:25 Copy file: /administrator/components/com_jshopping/controllers/attributesgroups.php
2020-05-23 10:05:25 Copy file: /administrator/components/com_jshopping/controllers/attributesvalues.php
2020-05-23 10:05:25 Copy file: /administrator/components/com_jshopping/controllers/baseadmin.php
2020-05-23 10:05:25 Copy file: /administrator/components/com_jshopping/controllers/categories.php
2020-05-23 10:05:25 Copy file: /administrator/components/com_jshopping/controllers/config.php
2020-05-23 10:05:25 Copy file: /administrator/components/com_jshopping/controllers/configdisplayprice.php
2020-05-23 10:05:25 Copy file: /administrator/components/com_jshopping/controllers/countries.php
2020-05-23 10:05:25 Copy file: /administrator/components/com_jshopping/controllers/coupons.php
2020-05-23 10:05:25 Copy file: /administrator/components/com_jshopping/controllers/currencies.php
2020-05-23 10:05:25 Copy file: /administrator/components/com_jshopping/controllers/deliverytimes.php
2020-05-23 10:05:25 Copy file: /administrator/components/com_jshopping/controllers/exttaxes.php
2020-05-23 10:05:25 Copy file: /administrator/components/com_jshopping/controllers/freeattributes.php
2020-05-23 10:05:25 Copy file: /administrator/components/com_jshopping/controllers/importexport.php
2020-05-23 10:05:25 Copy file: /administrator/components/com_jshopping/controllers/info.php
2020-05-23 10:05:25 Copy file: /administrator/components/com_jshopping/controllers/languages.php
2020-05-23 10:05:25 Copy file: /administrator/components/com_jshopping/controllers/licensekeyaddon.php
2020-05-23 10:05:25 Copy file: /administrator/components/com_jshopping/controllers/logs.php
2020-05-23 10:05:25 Copy file: /administrator/components/com_jshopping/controllers/manufacturers.php
2020-05-23 10:05:25 Copy file: /administrator/components/com_jshopping/controllers/orders.php
2020-05-23 10:05:25 Copy file: /administrator/components/com_jshopping/controllers/orderstatus.php
2020-05-23 10:05:25 Copy file: /administrator/components/com_jshopping/controllers/other.php
2020-05-23 10:05:25 Copy file: /administrator/components/com_jshopping/controllers/panel.php
2020-05-23 10:05:25 Copy file: /administrator/components/com_jshopping/controllers/payments.php
2020-05-23 10:05:25 Copy file: /administrator/components/com_jshopping/controllers/product_list_selectable.php
2020-05-23 10:05:25 Copy file: /administrator/components/com_jshopping/controllers/productfieldgroups.php
2020-05-23 10:05:25 Copy file: /administrator/components/com_jshopping/controllers/productfields.php
2020-05-23 10:05:25 Copy file: /administrator/components/com_jshopping/controllers/productfieldvalues.php
2020-05-23 10:05:25 Copy file: /administrator/components/com_jshopping/controllers/productlabels.php
2020-05-23 10:05:25 Copy file: /administrator/components/com_jshopping/controllers/products.php
2020-05-23 10:05:25 Copy file: /administrator/components/com_jshopping/controllers/reviews.php
2020-05-23 10:05:25 Copy file: /administrator/components/com_jshopping/controllers/shippingextprice.php
2020-05-23 10:05:25 Copy file: /administrator/components/com_jshopping/controllers/shippings.php
2020-05-23 10:05:25 Copy file: /administrator/components/com_jshopping/controllers/shippingsprices.php
2020-05-23 10:05:25 Copy file: /administrator/components/com_jshopping/controllers/statistic.php
2020-05-23 10:05:25 Copy file: /administrator/components/com_jshopping/controllers/taxes.php
2020-05-23 10:05:25 Copy file: /administrator/components/com_jshopping/controllers/units.php
2020-05-23 10:05:25 Copy file: /administrator/components/com_jshopping/controllers/update.php
2020-05-23 10:05:25 Copy file: /administrator/components/com_jshopping/controllers/usergroups.php
2020-05-23 10:05:25 Copy file: /administrator/components/com_jshopping/controllers/users.php
2020-05-23 10:05:25 Copy file: /administrator/components/com_jshopping/controllers/vendors.php
2020-05-23 10:05:25 Copy file: /administrator/components/com_jshopping/lang/de-DE.php
2020-05-23 10:05:25 Copy file: /administrator/components/com_jshopping/lang/en-GB.php
2020-05-23 10:05:25 Copy file: /administrator/components/com_jshopping/lang/ru-RU.php
2020-05-23 10:05:25 Copy file: /administrator/components/com_jshopping/models/addons.php
2020-05-23 10:05:25 Copy file: /administrator/components/com_jshopping/models/alias.php
2020-05-23 10:05:25 Copy file: /administrator/components/com_jshopping/models/attribut.php
2020-05-23 10:05:25 Copy file: /administrator/components/com_jshopping/models/attributesgroups.php
2020-05-23 10:05:25 Copy file: /administrator/components/com_jshopping/models/attributvalue.php
2020-05-23 10:05:25 Copy file: /administrator/components/com_jshopping/models/baseadmin.php
2020-05-23 10:05:25 Copy file: /administrator/components/com_jshopping/models/categories.php
2020-05-23 10:05:25 Copy file: /administrator/components/com_jshopping/models/configdisplayprice.php
2020-05-23 10:05:25 Copy file: /administrator/components/com_jshopping/models/countries.php
2020-05-23 10:05:25 Copy file: /administrator/components/com_jshopping/models/coupons.php
2020-05-23 10:05:25 Copy file: /administrator/components/com_jshopping/models/currencies.php
2020-05-23 10:05:25 Copy file: /administrator/components/com_jshopping/models/deliverytimes.php
2020-05-23 10:05:25 Copy file: /administrator/components/com_jshopping/models/exttaxes.php
2020-05-23 10:05:25 Copy file: /administrator/components/com_jshopping/models/freeattribut.php
2020-05-23 10:05:25 Copy file: /administrator/components/com_jshopping/models/importexport.php
2020-05-23 10:05:25 Copy file: /administrator/components/com_jshopping/models/info.php
2020-05-23 10:05:25 Copy file: /administrator/components/com_jshopping/models/languages.php
2020-05-23 10:05:25 Copy file: /administrator/components/com_jshopping/models/logs.php
2020-05-23 10:05:25 Copy file: /administrator/components/com_jshopping/models/manufacturers.php
2020-05-23 10:05:25 Copy file: /administrator/components/com_jshopping/models/orders.php
2020-05-23 10:05:25 Copy file: /administrator/components/com_jshopping/models/orderstatus.php
2020-05-23 10:05:25 Copy file: /administrator/components/com_jshopping/models/payments.php
2020-05-23 10:05:25 Copy file: /administrator/components/com_jshopping/models/productfieldgroups.php
2020-05-23 10:05:25 Copy file: /administrator/components/com_jshopping/models/productfields.php
2020-05-23 10:05:25 Copy file: /administrator/components/com_jshopping/models/productfieldvalues.php
2020-05-23 10:05:25 Copy file: /administrator/components/com_jshopping/models/productlabels.php
2020-05-23 10:05:25 Copy file: /administrator/components/com_jshopping/models/products.php
2020-05-23 10:05:25 Copy file: /administrator/components/com_jshopping/models/reviews.php
2020-05-23 10:05:25 Copy file: /administrator/components/com_jshopping/models/seo.php
2020-05-23 10:05:25 Copy file: /administrator/components/com_jshopping/models/shippingextprice.php
2020-05-23 10:05:25 Copy file: /administrator/components/com_jshopping/models/shippings.php
2020-05-23 10:05:25 Copy file: /administrator/components/com_jshopping/models/shippingsprices.php
2020-05-23 10:05:25 Copy file: /administrator/components/com_jshopping/models/statictext.php
2020-05-23 10:05:25 Copy file: /administrator/components/com_jshopping/models/statistic.php
2020-05-23 10:05:25 Copy file: /administrator/components/com_jshopping/models/taxes.php
2020-05-23 10:05:25 Copy file: /administrator/components/com_jshopping/models/units.php
2020-05-23 10:05:25 Copy file: /administrator/components/com_jshopping/models/usergroups.php
2020-05-23 10:05:25 Copy file: /administrator/components/com_jshopping/models/users.php
2020-05-23 10:05:25 Copy file: /administrator/components/com_jshopping/models/vendors.php
2020-05-23 10:05:25 Copy file: /administrator/components/com_jshopping/views/attributes/tmpl/list.php
2020-05-23 10:05:25 Copy file: /administrator/components/com_jshopping/views/attributesvalues/tmpl/list.php
2020-05-23 10:05:25 Copy file: /administrator/components/com_jshopping/views/category/tmpl/edit.php
2020-05-23 10:05:25 Copy file: /administrator/components/com_jshopping/views/countries/tmpl/list.php
2020-05-23 10:05:25 Copy file: /administrator/components/com_jshopping/views/coupons/tmpl/edit.php
2020-05-23 10:05:25 Copy file: /administrator/components/com_jshopping/views/currencies/tmpl/list.php
2020-05-23 10:05:25 Copy file: /administrator/components/com_jshopping/views/freeattributes/tmpl/edit.php
2020-05-23 10:05:25 Copy file: /administrator/components/com_jshopping/views/payments/tmpl/list.php
2020-05-23 10:05:25 Copy file: /administrator/components/com_jshopping/views/shippings/tmpl/list.php
2020-05-23 10:05:25 Copy file: /components/com_jshopping/router.php
2020-05-23 10:05:25 Copy file: /components/com_jshopping/addons/addon_core.php
2020-05-23 10:05:25 Copy file: /components/com_jshopping/controllers/base.php
2020-05-23 10:05:25 Copy file: /components/com_jshopping/helpers/metadata.php
2020-05-23 10:05:25 Copy file: /components/com_jshopping/helpers/selectoptions.php
2020-05-23 10:05:25 Copy file: /components/com_jshopping/lib/generete_pdf_order.php
2020-05-23 10:05:25 Copy file: /components/com_jshopping/lib/shop_core_file.php
2020-05-23 10:05:25 Copy file: /components/com_jshopping/tables/attribut.php
2020-05-23 10:05:25 Copy file: /components/com_jshopping/tables/attributvalue.php
2020-05-23 10:05:25 Copy file: /components/com_jshopping/tables/currency.php
2020-05-23 10:05:25 Copy file: /components/com_jshopping/tables/importexport.php
2020-05-23 10:05:25 Copy file: /components/com_jshopping/tables/multilang.php
2020-05-23 10:05:25 Copy file: /components/com_jshopping/tables/paymentmethod.php
2020-05-23 10:05:25 Copy file: /components/com_jshopping/tables/productfield.php
2020-05-23 10:05:25 Copy file: /components/com_jshopping/tables/seo.php
2020-05-23 10:05:25 Copy file: /components/com_jshopping/tables/shopbase.php
2020-05-23 10:05:27 
Start install: /home/c/cv89920/etk/public_html/tmp/JoomShopping-update-4.14.0-4.14.1.zip IP:188.186.36.116 UID:695
2020-05-23 10:05:27 Copy file: /administrator/components/com_jshopping/jshopping.xml
2020-05-23 10:05:27 Copy file: /administrator/components/com_jshopping/controllers/addons.php
2020-05-23 10:05:27 Copy file: /components/com_jshopping/lib/functions.php
2020-05-23 10:05:27 Copy file: /components/com_jshopping/models/cart.php
2020-05-23 10:05:27 Copy file: /components/com_jshopping/tables/config.php
2020-05-23 10:05:29 
Start install: /home/c/cv89920/etk/public_html/tmp/JoomShopping-update-4.14.1-4.14.2.zip IP:188.186.36.116 UID:695
2020-05-23 10:05:29 Copy file: /administrator/components/com_jshopping/jshopping.xml
2020-05-23 10:05:29 Copy file: /administrator/components/com_jshopping/controllers/orders.php
2020-05-23 10:05:29 Copy file: /administrator/components/com_jshopping/js/functions.js
2020-05-23 10:05:29 Copy file: /administrator/components/com_jshopping/lang/de-DE.php
2020-05-23 10:05:29 Copy file: /administrator/components/com_jshopping/lang/en-GB.php
2020-05-23 10:05:29 Copy file: /administrator/components/com_jshopping/lang/ru-RU.php
2020-05-23 10:05:29 Copy file: /administrator/components/com_jshopping/models/orders.php
2020-05-23 10:05:29 Copy file: /administrator/components/com_jshopping/models/products.php
2020-05-23 10:05:29 Copy file: /administrator/components/com_jshopping/views/config/tmpl/checkout.php
2020-05-23 10:05:29 Copy file: /administrator/components/com_jshopping/views/orders/tmpl/edit.php
2020-05-23 10:05:29 Copy file: /administrator/components/com_jshopping/views/panel/tmpl/info.php
2020-05-23 10:05:29 Copy file: /administrator/language/de-DE/de-DE.com_jshopping.sys.ini
2020-05-23 10:05:29 Copy file: /administrator/language/en-GB/en-GB.com_jshopping.sys.ini
2020-05-23 10:05:29 Copy file: /administrator/language/ru-RU/ru-RU.com_jshopping.sys.ini
2020-05-23 10:05:29 Copy file: /components/com_jshopping/addons/addon_core.php
2020-05-23 10:05:29 Copy file: /components/com_jshopping/controllers/cart.php
2020-05-23 10:05:29 Copy file: /components/com_jshopping/lib/default_config.php
2020-05-23 10:05:29 Copy file: /components/com_jshopping/lib/factory.php
2020-05-23 10:05:29 Copy file: /components/com_jshopping/models/cart.php
2020-05-23 10:05:29 Copy file: /components/com_jshopping/tables/coupon.php
2020-05-23 10:05:29 Copy file: /components/com_jshopping/tables/order.php
2020-05-23 10:05:31 
Start install: /home/c/cv89920/etk/public_html/tmp/JoomShopping-update-4.14.2-4.14.3.zip IP:188.186.36.116 UID:695
2020-05-23 10:05:31 Copy file: /administrator/components/com_jshopping/jshopping.xml
2020-05-23 10:05:31 Copy file: /administrator/components/com_jshopping/js/functions.js
2020-05-23 10:05:31 Copy file: /administrator/components/com_jshopping/lang/de-DE.php
2020-05-23 10:05:31 Copy file: /administrator/components/com_jshopping/lang/en-GB.php
2020-05-23 10:05:31 Copy file: /administrator/components/com_jshopping/lang/ru-RU.php
2020-05-23 10:05:31 Copy file: /administrator/components/com_jshopping/views/category/tmpl/edit.php
2020-05-23 10:05:31 Copy file: /administrator/components/com_jshopping/views/manufacturer/tmpl/edit.php
2020-05-23 10:05:31 Copy file: /administrator/components/com_jshopping/views/orders/tmpl/edit.php
2020-05-23 10:05:31 Copy file: /administrator/components/com_jshopping/views/product_edit/tmpl/attribute.php
2020-05-23 10:05:31 Copy file: /administrator/components/com_jshopping/views/product_edit/tmpl/default.php
2020-05-23 10:05:31 Copy file: /administrator/components/com_jshopping/views/product_edit/tmpl/description.php
2020-05-23 10:05:31 Copy file: /components/com_jshopping/lang/ru-RU.php
2020-05-23 10:05:31 Copy file: /components/com_jshopping/lib/generete_pdf_order.php
2020-05-23 10:05:31 Copy file: /components/com_jshopping/templates/default/list_products/product.php
2020-05-23 10:05:32 
Start install: /home/c/cv89920/etk/public_html/tmp/JoomShopping-update-4.14.3-4.15.0.zip IP:188.186.36.116 UID:695
2020-05-23 10:05:32 Copy file: /administrator/components/com_jshopping/functions.php
2020-05-23 10:05:32 Copy file: /administrator/components/com_jshopping/jshopping.xml
2020-05-23 10:05:32 Copy file: /administrator/components/com_jshopping/controllers/baseadmin.php
2020-05-23 10:05:32 Copy file: /administrator/components/com_jshopping/controllers/categories.php
2020-05-23 10:05:32 Copy file: /administrator/components/com_jshopping/controllers/coupons.php
2020-05-23 10:05:32 Copy file: /administrator/components/com_jshopping/controllers/orders.php
2020-05-23 10:05:32 Copy file: /administrator/components/com_jshopping/controllers/products.php
2020-05-23 10:05:32 Copy file: /administrator/components/com_jshopping/controllers/update.php
2020-05-23 10:05:32 Copy file: /administrator/components/com_jshopping/controllers/users.php
2020-05-23 10:05:32 Copy file: /administrator/components/com_jshopping/install/install.php
2020-05-23 10:05:32 Copy file: /administrator/components/com_jshopping/install/install.sql
2020-05-23 10:05:32 Copy file: /administrator/components/com_jshopping/js/functions.js
2020-05-23 10:05:32 Copy file: /administrator/components/com_jshopping/lang/ru-RU.php
2020-05-23 10:05:32 Copy file: /administrator/components/com_jshopping/models/coupons.php
2020-05-23 10:05:32 Copy file: /administrator/components/com_jshopping/models/orders.php
2020-05-23 10:05:32 Copy file: /administrator/components/com_jshopping/views/category/tmpl/edit.php
2020-05-23 10:05:32 Copy file: /administrator/components/com_jshopping/views/coupons/tmpl/list.php
2020-05-23 10:05:32 Copy file: /administrator/components/com_jshopping/views/manufacturer/tmpl/edit.php
2020-05-23 10:05:32 Copy file: /administrator/components/com_jshopping/views/orders/tmpl/edit.php
2020-05-23 10:05:32 Copy file: /administrator/components/com_jshopping/views/orders/tmpl/list.php
2020-05-23 10:05:32 Copy file: /administrator/components/com_jshopping/views/product_edit/tmpl/attribute.php
2020-05-23 10:05:32 Copy file: /administrator/components/com_jshopping/views/product_edit/tmpl/default.php
2020-05-23 10:05:32 Copy file: /administrator/components/com_jshopping/views/product_edit/tmpl/info.php
2020-05-23 10:05:32 Copy file: /administrator/components/com_jshopping/views/product_list/tmpl/default.php
2020-05-23 10:05:32 Copy file: /administrator/components/com_jshopping/views/product_list/tmpl/selectable.php
2020-05-23 10:05:32 Copy file: /administrator/components/com_jshopping/views/update/tmpl/default.php
2020-05-23 10:05:32 Copy file: /administrator/components/com_jshopping/views/users/tmpl/edit.php
2020-05-23 10:05:32 Copy file: /administrator/components/com_jshopping/views/users/tmpl/list.php
2020-05-23 10:05:32 Copy file: /components/com_jshopping/router.php
2020-05-23 10:05:32 Copy file: /components/com_jshopping/controllers/cart.php
2020-05-23 10:05:32 Copy file: /components/com_jshopping/controllers/user.php
2020-05-23 10:05:32 Copy file: /components/com_jshopping/css/default.css
2020-05-23 10:05:32 Copy file: /components/com_jshopping/lang/de-DE.php
2020-05-23 10:05:32 Copy file: /components/com_jshopping/lang/en-GB.php
2020-05-23 10:05:32 Copy file: /components/com_jshopping/lang/ru-RU.php
2020-05-23 10:05:32 Copy file: /components/com_jshopping/lib/default_config.php
2020-05-23 10:05:32 Copy file: /components/com_jshopping/lib/shop_item_menu.php
2020-05-23 10:05:32 Copy file: /components/com_jshopping/models/cart.php
2020-05-23 10:05:32 Copy file: /components/com_jshopping/tables/config.php
2020-05-23 10:05:32 Copy file: /components/com_jshopping/tables/order.php
2020-05-23 10:05:32 Copy file: /components/com_jshopping/tables/product.php
2020-05-23 10:05:32 Copy file: /components/com_jshopping/templates/default/cart/cart.php
2020-05-23 10:05:47 
Start install: /home/c/cv89920/etk/public_html/tmp/JoomShopping-update-4.15.0-4.15.1.zip IP:188.186.36.116 UID:695
2020-05-23 10:05:47 Copy file: /administrator/components/com_jshopping/jshopping.xml
2020-05-23 10:05:47 Copy file: /administrator/components/com_jshopping/controllers/logs.php
2020-05-23 10:05:47 Copy file: /administrator/components/com_jshopping/controllers/reviews.php
2020-05-23 10:05:47 Copy file: /administrator/components/com_jshopping/views/comments/tmpl/edit.php
2020-05-23 10:05:47 Copy file: /administrator/components/com_jshopping/views/comments/tmpl/list.php
2020-05-23 10:05:47 Copy file: /administrator/components/com_jshopping/views/orders/tmpl/edit.php
2020-05-23 10:05:47 Copy file: /administrator/components/com_jshopping/views/orders/tmpl/show.php
2020-05-23 10:05:47 Copy file: /components/com_jshopping/controllers/cart.php
2020-05-23 10:05:47 Copy file: /components/com_jshopping/controllers/checkout.php
2020-05-23 10:05:47 Copy file: /components/com_jshopping/controllers/user.php
2020-05-23 10:05:47 Copy file: /components/com_jshopping/helpers/cart.php
2020-05-23 10:05:47 Copy file: /components/com_jshopping/lang/de-DE.php
2020-05-23 10:05:47 Copy file: /components/com_jshopping/lang/en-GB.php
2020-05-23 10:05:47 Copy file: /components/com_jshopping/lang/ru-RU.php
2020-05-23 10:05:47 Copy file: /components/com_jshopping/lib/default_config.php
2020-05-23 10:05:47 Copy file: /components/com_jshopping/models/cart.php
2020-05-23 10:05:47 Copy file: /components/com_jshopping/models/cartpreview.php
2020-05-23 10:05:47 Copy file: /components/com_jshopping/models/checkout.php
2020-05-23 10:05:47 Copy file: /components/com_jshopping/models/checkoutbuy.php
2020-05-23 10:05:47 Copy file: /components/com_jshopping/payments/payment.php
2020-05-23 10:05:47 Copy file: /components/com_jshopping/templates/default/cart/cart.php
2020-05-23 10:05:47 Copy file: /components/com_jshopping/templates/default/list_products/product.php
2020-05-23 10:05:47 Copy file: /components/com_jshopping/templates/default/product/ratingandhits.php
2020-05-23 10:05:47 Copy file: /components/com_jshopping/templates/default/product/review.php
2020-05-23 10:05:47 Copy file: /components/com_jshopping/templates/default/user/login.php
2020-05-23 10:05:47 Copy file: /components/com_jshopping/templates/default/user/myaccount.php
2020-05-23 10:05:49 
Start install: /home/c/cv89920/etk/public_html/tmp/JoomShopping-update-4.15.1-4.16.0.zip IP:188.186.36.116 UID:695
2021-06-23 04:35:13 
Start install: /home/c/cv89920/etk/public_html/tmp/addon_check_db_1.0.11.zip IP:2.59.242.235 UID:695
2021-06-23 04:35:13 Copy file: /administrator/components/com_jshopping/controllers/check_db.php
2021-06-23 04:35:13 Copy file: /administrator/components/com_jshopping/css/check-db.css
2021-06-23 04:35:13 Copy file: /administrator/components/com_jshopping/lang/check_db/de-DE.php
2021-06-23 04:35:13 Copy file: /administrator/components/com_jshopping/lang/check_db/en-GB.php
2021-06-23 04:35:13 Copy file: /administrator/components/com_jshopping/lang/check_db/ru-RU.php
2021-06-23 04:35:13 Copy file: /administrator/components/com_jshopping/models/check_db.php
2021-06-23 04:35:13 Copy file: /administrator/components/com_jshopping/views/check_db/view.html.php
2021-06-23 04:35:13 Copy file: /administrator/components/com_jshopping/views/check_db/tmpl/default.php
2021-06-23 04:35:13 Copy file: /components/com_jshopping/addons/check_db/uninstall.php
2021-06-23 04:35:13 Copy file: /components/com_jshopping/files/check_db/v_3/joomshoping.xml
2021-06-23 04:35:13 Copy file: /components/com_jshopping/files/check_db/v_4/joomshoping.xml
2021-06-23 04:35:13 Copy file: /plugins/jshoppingmenu/check_db/check_db.php
2021-06-23 04:35:13 Copy file: /plugins/jshoppingmenu/check_db/check_db.xml
2021-09-22 12:42:55 
Start install: /home/c/cv89920/etk/public_html/tmp/addon_second_short_description_for_category_1.0.1.zip IP:2.59.242.115 UID:695
2021-09-22 12:42:55 Copy file: /components/com_jshopping/addons/second_short_description_for_category/config.tmpl.php
2021-09-22 12:42:55 Copy file: /components/com_jshopping/addons/second_short_description_for_category/uninstall.php
2021-09-22 12:42:55 Copy file: /components/com_jshopping/lang/addon_second_short_description_for_category/de-DE.php
2021-09-22 12:42:55 Copy file: /components/com_jshopping/lang/addon_second_short_description_for_category/en-GB.php
2021-09-22 12:42:55 Copy file: /components/com_jshopping/lang/addon_second_short_description_for_category/ru-RU.php
2021-09-22 12:42:55 Copy file: /plugins/jshoppingadmin/second_short_description_for_category/second_short_description_for_category.php
2021-09-22 12:42:55 Copy file: /plugins/jshoppingadmin/second_short_description_for_category/second_short_description_for_category.xml
2021-09-22 12:42:55 Copy file: /plugins/jshoppingproducts/second_short_description_for_category/second_short_description_for_category.php
2021-09-22 12:42:55 Copy file: /plugins/jshoppingproducts/second_short_description_for_category/second_short_description_for_category.xml
2021-12-22 09:49:09 
Start install: /home/c/cv89920/etk/public_html/tmp/JoomShopping-imaud-exportyml-plus-4.24.zip IP:2.59.242.115 UID:695
2021-12-22 09:49:09 Copy file: /administrator/components/com_jshopping/importexport/imaudexportymlplus/imaudexportymlplus.php
2021-12-22 09:49:09 Copy file: /administrator/components/com_jshopping/importexport/imaudexportymlplus/index.html
2021-12-22 09:49:09 Copy file: /administrator/components/com_jshopping/importexport/imaudexportymlplus/params.php
2021-12-22 09:49:09 Copy file: /administrator/components/com_jshopping/importexport/imaudexportymlplus/assets/index.html
2021-12-22 09:49:09 Copy file: /administrator/components/com_jshopping/importexport/imaudexportymlplus/assets/script.js
2021-12-22 09:49:09 Copy file: /administrator/components/com_jshopping/importexport/imaudexportymlplus/assets/style.css
2021-12-22 09:49:09 Copy file: /administrator/components/com_jshopping/importexport/imaudexportymlplus/helper/createyml.php
2021-12-22 09:49:09 Copy file: /administrator/components/com_jshopping/importexport/imaudexportymlplus/helper/helper.php
2021-12-22 09:49:09 Copy file: /administrator/components/com_jshopping/importexport/imaudexportymlplus/helper/helper_plus.php
2021-12-22 09:49:09 Copy file: /administrator/components/com_jshopping/importexport/imaudexportymlplus/helper/product_yml_plus.php
2021-12-22 09:49:09 Copy file: /administrator/components/com_jshopping/importexport/imaudexportymlplus/images/arrow_left.gif
2021-12-22 09:49:09 Copy file: /administrator/components/com_jshopping/importexport/imaudexportymlplus/images/icon-32-alert.png
2021-12-22 09:49:09 Copy file: /administrator/components/com_jshopping/importexport/imaudexportymlplus/images/icon-32-apply.png
2021-12-22 09:49:09 Copy file: /administrator/components/com_jshopping/importexport/imaudexportymlplus/images/icon-32-back.png
2021-12-22 09:49:09 Copy file: /administrator/components/com_jshopping/importexport/imaudexportymlplus/images/icon-32-export.png
2021-12-22 09:49:09 Copy file: /administrator/components/com_jshopping/importexport/imaudexportymlplus/images/index.html
2021-12-22 09:49:09 Copy file: /administrator/components/com_jshopping/importexport/imaudexportymlplus/images/save.png
2021-12-22 09:49:09 Copy file: /administrator/components/com_jshopping/importexport/imaudexportymlplus/lang/en-GB.php
2021-12-22 09:49:09 Copy file: /administrator/components/com_jshopping/importexport/imaudexportymlplus/lang/ru-RU.php
2021-12-22 09:49:09 Copy file: /administrator/components/com_jshopping/importexport/imaudexportymlplus/lang/uk-UA.php
2021-12-22 09:49:09 Copy file: /components/com_jshopping/controllers/importexportbyid.php
2021-12-22 09:49:09 Copy file: /components/com_jshopping/files/importexport/imaudexportymlplus/index.html
2021-12-22 09:49:09 Copy file: /components/com_jshopping/files/importexport/imaudexportymlplus/shops.dtd
2022-08-29 10:29:43 
Start install: /home/c/cv89920/etk/public_html/tmp/addon_ompare.zip IP:2.59.242.177 UID:695
2022-08-29 10:29:43 Copy file: /administrator/components/com_jshopping/install/addon_compare_uninstall.php
2022-08-29 10:29:43 Copy file: /administrator/language/en-GB/en-GB.plg_jshoppingproducts_compare.ini
2022-08-29 10:29:43 Copy file: /administrator/language/ru-RU/ru-RU.plg_jshoppingproducts_compare.ini
2022-08-29 10:29:43 Copy file: /administrator/language/uk-UA/uk-UA.plg_jshoppingproducts_compare.ini
2022-08-29 10:29:43 Copy file: /components/com_jshopping/controllers/compare.php
2022-08-29 10:29:43 Copy file: /components/com_jshopping/templates/default/compare/compare.php
2022-08-29 10:29:43 Copy file: /components/com_jshopping/templates/default_div/compare/compare.php
2022-08-29 10:29:43 Copy file: /components/com_jshopping/templates/defaultg/compare/compare.php
2022-08-29 10:29:43 Copy file: /components/com_jshopping/templates/responsive/compare/compare.php
2022-08-29 10:29:43 Copy file: /components/com_jshopping/templates/responsive_brooksite/compare/compare.php
2022-08-29 10:29:43 Copy file: /components/com_jshopping/templates/responsive_brooksite_v2/compare/compare.php
2022-08-29 10:29:43 Copy file: /components/com_jshopping/views/compare/view.html.php
2022-08-29 10:29:43 Copy file: /components/com_jshopping/views/compare/tmpl/default.xml
2022-08-29 10:29:43 Copy file: /plugins/jshoppingproducts/compare/compare.php
2022-08-29 10:29:43 Copy file: /plugins/jshoppingproducts/compare/compare.xml
2022-08-29 10:29:43 Copy file: /plugins/jshoppingproducts/compare/en-GB.plg_jshoppingproducts_compare.ini
2022-08-29 10:29:43 Copy file: /plugins/jshoppingproducts/compare/helper_compare.php
2022-08-29 10:29:43 Copy file: /plugins/jshoppingproducts/compare/helper_compare_params.php
2022-08-29 10:29:43 Copy file: /plugins/jshoppingproducts/compare/helper_list_compare.php
2022-08-29 10:29:43 Copy file: /plugins/jshoppingproducts/compare/index.html
2022-08-29 10:29:43 Copy file: /plugins/jshoppingproducts/compare/license.txt
2022-08-29 10:29:43 Copy file: /plugins/jshoppingproducts/compare/ru-RU.plg_jshoppingproducts_compare.ini
2022-08-29 10:29:43 Copy file: /plugins/jshoppingproducts/compare/uk-UA.plg_jshoppingproducts_compare.ini
2022-08-29 10:29:43 Copy file: /plugins/jshoppingproducts/compare/css/compare.css
2022-08-29 10:29:43 Copy file: /plugins/jshoppingproducts/compare/js/compare_attr.js
2022-09-02 06:28:43 
Start install: /home/c/cv89920/etk/public_html/tmp/addon_jshopping_comiel.zip IP:2.59.242.177 UID:695
